<?xml version="1.0" encoding="UTF-8"?>
<!-- Generated by org.testng.reporters.JUnitXMLReporter -->
<testsuite hostname="PHL18DLLP72" name="Default test" tests="5" failures="0" timestamp="12 Dec 2016 07:14:18 GMT" time="0.792" errors="0">
  <testcase name="@BeforeClass startAppiumAndEmulator" time="0.0" classname="com.app.android.AndroidTest">
    <failure type="org.testng.TestNGException" message="
Parameter &amp;apos;appiumPort&amp;apos; is required by @Configuration on method startAppiumAndEmulator but has not been marked @Optional or defined
in C:\Users\ukumar\AppData\Local\Temp\testng-eclipse-33912725\testng-customsuite.xml">
      <![CDATA[org.testng.TestNGException: 
Parameter 'appiumPort' is required by @Configuration on method startAppiumAndEmulator but has not been marked @Optional or defined
in C:\Users\ukumar\AppData\Local\Temp\testng-eclipse-33912725\testng-customsuite.xml
	at org.testng.internal.Parameters.createParameters(Parameters.java:156)
	at org.testng.internal.Parameters.createParameters(Parameters.java:363)
	at org.testng.internal.Parameters.createConfigurationParameters(Parameters.java:86)
	at org.testng.internal.Invoker.invokeConfigurations(Invoker.java:202)
	at org.testng.internal.Invoker.invokeConfigurations(Invoker.java:143)
	at org.testng.internal.TestMethodWorker.invokeBeforeClassMethods(TestMethodWorker.java:169)
	at org.testng.internal.TestMethodWorker.run(TestMethodWorker.java:108)
	at org.testng.TestRunner.privateRun(TestRunner.java:746)
	at org.testng.TestRunner.run(TestRunner.java:600)
	at org.testng.SuiteRunner.runTest(SuiteRunner.java:366)
	at org.testng.SuiteRunner.runSequentially(SuiteRunner.java:361)
	at org.testng.SuiteRunner.privateRun(SuiteRunner.java:319)
	at org.testng.SuiteRunner.run(SuiteRunner.java:268)
	at org.testng.SuiteRunnerWorker.runSuite(SuiteRunnerWorker.java:52)
	at org.testng.SuiteRunnerWorker.run(SuiteRunnerWorker.java:86)
	at org.testng.TestNG.runSuitesSequentially(TestNG.java:1264)
	at org.testng.TestNG.runSuitesLocally(TestNG.java:1189)
	at org.testng.TestNG.runSuites(TestNG.java:1104)
	at org.testng.TestNG.run(TestNG.java:1076)
	at org.testng.remote.AbstractRemoteTestNG.run(AbstractRemoteTestNG.java:126)
	at org.testng.remote.RemoteTestNG.initAndRun(RemoteTestNG.java:152)
	at org.testng.remote.RemoteTestNG.main(RemoteTestNG.java:57)
]]>
    </failure>
  </testcase> <!-- @BeforeClass startAppiumAndEmulator -->
  <testcase name="@BeforeMethod setup" time="0.0" classname="com.app.android.AndroidTest">
    <skipped/>
  </testcase> <!-- @BeforeMethod setup -->
  <testcase name="@AfterMethod tearDown" time="0.0" classname="com.app.android.AndroidTest">
    <skipped/>
  </testcase> <!-- @AfterMethod tearDown -->
  <testcase name="@BeforeMethod setup" time="0.0" classname="com.app.android.AndroidTest">
    <skipped/>
  </testcase> <!-- @BeforeMethod setup -->
  <testcase name="@AfterMethod tearDown" time="0.0" classname="com.app.android.AndroidTest">
    <skipped/>
  </testcase> <!-- @AfterMethod tearDown -->
  <testcase name="@BeforeMethod setup" time="0.0" classname="com.app.android.AndroidTest">
    <skipped/>
  </testcase> <!-- @BeforeMethod setup -->
  <testcase name="@AfterMethod tearDown" time="0.0" classname="com.app.android.AndroidTest">
    <skipped/>
  </testcase> <!-- @AfterMethod tearDown -->
  <testcase name="@BeforeMethod setup" time="0.0" classname="com.app.android.AndroidTest">
    <skipped/>
  </testcase> <!-- @BeforeMethod setup -->
  <testcase name="@AfterMethod tearDown" time="0.0" classname="com.app.android.AndroidTest">
    <skipped/>
  </testcase> <!-- @AfterMethod tearDown -->
  <testcase name="@BeforeMethod setup" time="0.0" classname="com.app.android.AndroidTest">
    <skipped/>
  </testcase> <!-- @BeforeMethod setup -->
  <testcase name="@AfterMethod tearDown" time="0.0" classname="com.app.android.AndroidTest">
    <skipped/>
  </testcase> <!-- @AfterMethod tearDown -->
  <testcase name="@AfterClass stopAppiumAndEmulator" time="0.0" classname="com.app.android.AndroidTest">
    <skipped/>
  </testcase> <!-- @AfterClass stopAppiumAndEmulator -->
  <testcase name="DoNotEnterEmailPassword" time="0.007" classname="com.app.android.AndroidTest">
    <skipped/>
  </testcase> <!-- DoNotEnterEmailPassword -->
  <testcase name="DoNotEnterPasswordButEmail" time="0.001" classname="com.app.android.AndroidTest">
    <skipped/>
  </testcase> <!-- DoNotEnterPasswordButEmail -->
  <testcase name="checkLoginWithValidEmailPassword" time="0.001" classname="com.app.android.AndroidTest">
    <skipped/>
  </testcase> <!-- checkLoginWithValidEmailPassword -->
  <testcase name="validateInvalidEmail" time="0.001" classname="com.app.android.AndroidTest">
    <skipped/>
  </testcase> <!-- validateInvalidEmail -->
  <testcase name="verifySignUpWithValidInformations" time="0.001" classname="com.app.android.AndroidTest">
    <skipped/>
  </testcase> <!-- verifySignUpWithValidInformations -->
</testsuite> <!-- Default test -->
